<?xml version="1.0" encoding="UTF-8"?>
<!-- Generated by org.testng.reporters.JUnitXMLReporter -->
<testsuite ignored="2" hostname="LAPTOP-5HVVEL57" failures="0" tests="4" name="Test 2" time="14.295" errors="0" timestamp="2023-11-22T10:26:05 IST">
  <testcase classname="com.TestNG.SampleTest" name="sample_1" time="0.015"/>
  <testcase classname="com.TestNG.SampleTest" name="sample_2" time="0.012"/>
  <testcase classname="com.TestNG.SimpleTest" name="simple_1" time="0.006"/>
  <testcase classname="com.TestNG.SimpleTest" name="simple_2" time="0.001"/>
  <testcase classname="com.realestate.GenericUtils.BaseClass" name="@BeforeSuite conf_BS" time="0.0">
    <ignored/>
  </testcase> <!-- @BeforeSuite conf_BS -->
  <testcase classname="com.realestate.GenericUtils.BaseClass" name="@AfterSuite conf_AS" time="0.0">
    <ignored/>
  </testcase> <!-- @AfterSuite conf_AS -->
</testsuite> <!-- Test 2 -->
