<?xml version="1.0" encoding="UTF-8"?>
<!-- Generated by org.testng.reporters.JUnitXMLReporter -->
<testsuite ignored="6" hostname="LAPTOP-5HVVEL57" failures="1" tests="1" name="Test" time="23.164" errors="0" timestamp="2023-11-30T16:21:50 IST">
  <testcase classname="com.hra.owner.G_apartmentRoomRegTest" name="apartmentRoomRegTest" time="2.277">
    <failure type="java.lang.AssertionError" message="did not expect [130] but found [130]">
      <![CDATA[java.lang.AssertionError: did not expect [130] but found [130]
at com.ObjectRepo.OwnerHomePage.validateCount(OwnerHomePage.java:84)
at com.hra.owner.G_apartmentRoomRegTest.apartmentRoomRegTest(G_apartmentRoomRegTest.java:43)
at java.base/java.util.ArrayList.forEach(ArrayList.java:1511)
at java.base/java.util.concurrent.FutureTask.run(FutureTask.java:264)
at java.base/java.util.concurrent.ThreadPoolExecutor.runWorker(ThreadPoolExecutor.java:1136)
at java.base/java.util.concurrent.ThreadPoolExecutor$Worker.run(ThreadPoolExecutor.java:635)
at java.base/java.lang.Thread.run(Thread.java:833)
... Removed 22 stack frames]]>
    </failure>
  </testcase> <!-- apartmentRoomRegTest -->
  <testcase classname="com.hra.owner.G_HouseRegisterTest" name="HouseRegisterTestain" time="0.0">
    <ignored/>
  </testcase> <!-- HouseRegisterTestain -->
  <testcase classname="com.realestate.GenericUtils.BaseClass" name="@AfterSuite conf_AS" time="0.0">
    <ignored/>
  </testcase> <!-- @AfterSuite conf_AS -->
  <testcase classname="com.realestate.GenericUtils.BaseClass" name="@BeforeSuite conf_BS" time="0.0">
    <ignored/>
  </testcase> <!-- @BeforeSuite conf_BS -->
  <testcase classname="com.realestate.GenericUtils.BaseClass" name="@BeforeSuite conf_BS" time="0.0">
    <ignored/>
  </testcase> <!-- @BeforeSuite conf_BS -->
  <testcase classname="com.realestate.GenericUtils.BaseClass" name="@AfterSuite conf_AS" time="0.0">
    <ignored/>
  </testcase> <!-- @AfterSuite conf_AS -->
  <testcase classname="com.hra.owner.G_DetailsUpdateTest" name="DetailsUpdateTest" time="0.0">
    <ignored/>
  </testcase> <!-- DetailsUpdateTest -->
</testsuite> <!-- Test -->
