<?xml version="1.0" encoding="UTF-8"?>
<!-- Generated by org.testng.reporters.JUnitXMLReporter -->
<testsuite ignored="2" hostname="LAPTOP-5HVVEL57" failures="0" tests="4" name="Test 1" time="13.427" errors="0" timestamp="2023-11-22T10:26:05 IST">
  <testcase classname="com.TestNG.PracticeTest" name="practice_1" time="0.004"/>
  <testcase classname="com.TestNG.PracticeTest" name="practice_2" time="0.002"/>
  <testcase classname="com.TestNG.DemoTest" name="demo_1" time="0.001"/>
  <testcase classname="com.TestNG.DemoTest" name="demo_2" time="0.002"/>
  <testcase classname="com.realestate.GenericUtils.BaseClass" name="@BeforeSuite conf_BS" time="0.0">
    <ignored/>
  </testcase> <!-- @BeforeSuite conf_BS -->
  <testcase classname="com.realestate.GenericUtils.BaseClass" name="@AfterSuite conf_AS" time="0.0">
    <ignored/>
  </testcase> <!-- @AfterSuite conf_AS -->
</testsuite> <!-- Test 1 -->
